* generated bounded debug fixture
Freq (hertz)	SPL (dB)	WPhase (deg)
20	63.361138091	-95.549864570
20.7824461	64.420777263	-98.950106637
21.5955032	65.460178939	-102.375587157
22.4403691	66.479696694	-105.816141133
23.318288	67.479954184	-109.262021204
24.2305532	68.461834868	-112.704209843
25.1785082	69.426462928	-116.134705782
26.1635495	70.375177175	-119.546772175
27.1871278	71.309500221	-122.935138991
28.2507509	72.231105314	-126.296157747
29.3559854	73.141783101	-129.627912004
30.5044591	74.043410234	-132.930291675
31.6978638	74.937921174	-136.205042598
32.9379573	75.827283949	-139.455805148
34.2265661	76.713479983	-142.688156924
35.5655882	77.598487496	-145.909675119
36.9569959	78.484267320	-149.130034431
38.4028388	79.372749350	-152.361156535
39.9052463	80.265817050	-155.617427527
41.4664315	81.165286411	-158.916000208
43.0886938	82.072874360	-162.277198475
44.7744228	82.990149537	-165.725040256
46.5261013	83.918455321	-169.287891653
48.3463096	84.858790663	-172.999254334
50.2377286	85.811628208	-176.898663677
52.2031443	86.776641289	178.967375788
54.2454516	87.752302385	174.544589749
56.3676586	88.735308659	169.770619367
58.5728913	89.719793578	164.575843946
60.8643977	90.696316357	158.886441538
63.2455532	91.650717487	152.631323256
65.719865	92.563135431	145.754875534
68.2909775	93.407813972	138.236677322
70.9626778	94.154665308	130.116210196
73.7389013	94.773471974	121.514444596
76.623737	95.240524916	112.638092959
79.6214341	95.545477413	103.754270005
82.736408	95.694874990	95.138730666
85.9732469	95.710198807	87.019985512
89.3367184	95.621673195	79.544882846
92.8317767	95.461301537	72.774948281
96.4635696	95.257927388	66.704423320
100.237447	95.035073203	61.285101316
104.158967	94.810888675	56.447738994
108.233905	94.599232778	52.116479709
112.468265	94.411214429	48.216734607
116.868283	94.256937112	44.678183660
121.440439	94.147576049	41.434206351
126.191469	94.098372085	38.417881684
131.12837	94.134061309	35.552311575
136.258414	94.300990324	32.726234875
141.589157	94.700187275	29.718497334
147.128451	95.604039119	25.874690933
152.884455	98.085412975	17.579568772
158.865647	102.460670854	-81.472535777
165.080837	75.098465302	-4.464383825
171.53918	86.093312349	24.316084348
178.250188	88.178588721	23.487022733
185.223746	89.072479392	21.988559847
192.470125	89.589138551	20.474603721
200	89.959473654	19.003973147
207.824461	90.285154022	17.561344742
215.955032	90.633924920	16.105741441
224.403691	91.077878468	14.559120453
233.18288	91.732201715	12.746489596
242.305532	92.844828499	10.165029309
251.785082	95.131016878	4.687564220
261.635495	101.500745285	-25.564941517
271.871278	92.195991766	-131.246995568
282.507509	76.679868030	-124.892953886
293.559854	70.751885871	-24.672321742
305.044591	74.149841653	-2.027666216
316.978638	72.541356773	4.007027674
329.379573	58.229215113	58.249535431
342.265661	78.823897007	166.739889621
355.655882	90.316456153	163.086499788
369.569959	102.867200899	129.877837772
384.028388	102.433734898	32.442622183
399.052463	98.057070897	14.251797240
414.664315	96.283678784	8.366635066
430.886938	95.683973852	4.594777618
447.744228	96.111140384	0.028928918
465.261013	98.650245535	-15.009288747
483.463096	93.051685352	-101.131934281
502.377286	82.487900769	-22.442270957
522.031443	86.186896472	-3.053954103
542.454516	87.538457272	0.180773810
563.676586	88.837037796	1.370050309
585.728913	88.681589521	-21.325619435
608.643977	86.114476778	-13.916172376
632.455532	84.153570923	-9.225317142
657.19865	77.375753903	27.588320824
682.909775	94.370092879	85.654178168
709.626778	96.618970893	15.799337991
737.389013	95.295839596	-0.419782937
766.23737	96.015414857	-12.639650724
796.214341	96.598235202	-61.446808546
827.36408	83.494257998	-74.908165848
859.732469	79.408835712	-4.560389147
893.367184	88.842440223	40.198219918
928.317767	91.412923936	-4.163718751
964.635696	88.755097855	-12.979764488
1002.37447	88.202748780	21.709935027
1041.58967	93.657965279	3.014953124
1082.33905	94.719964016	-19.213162588
1124.68265	93.630094250	-63.476583029
1168.68283	77.847964671	-96.228918890
1214.40439	87.977429561	45.826829867
1261.91469	93.557655542	-2.479001491
1311.2837	90.809846110	-25.108528065
1362.58414	90.635214146	-9.503482475
1415.89157	92.707642084	-31.598917249
1471.28451	89.774747637	-87.704100291
1528.84455	83.680050065	38.101049967
1588.65647	95.561508447	-0.890143909
1650.80837	91.895924579	-39.404833641
1715.3918	88.922261066	-27.825815135
1782.50188	91.319048714	-57.008749991
1852.23746	82.201491733	8.931824995
1924.70125	95.671014755	-24.450106484
2000	93.485618737	-65.473660507
