* generated bounded debug fixture
Freq (hertz)	SPL (dB)	WPhase (deg)
20	77.542245659	84.543606005
20.7824461	77.814568344	81.148320919
21.5955032	78.055157093	77.728191894
22.4403691	78.263071039	74.293435059
23.318288	78.437452140	70.853858558
24.2305532	78.577478640	67.418552760
25.1785082	78.682300472	63.995606990
26.1635495	78.750955423	60.591865567
27.1871278	78.782264139	57.212731089
28.2507509	78.774700423	53.862017499
29.3559854	78.726230453	50.541850485
30.5044591	78.634110020	47.252608711
31.6978638	78.494621719	43.992896914
32.9379573	78.302722569	40.759541225
34.2265661	78.051553475	37.547598814
35.5655882	77.731728929	34.350379018
36.9569959	77.330265000	31.159484205
38.4028388	76.828887199	27.964902281
39.9052463	76.201219518	24.755236763
41.4664315	75.407820284	21.518294745
43.0886938	74.386713971	18.242627618
44.7744228	73.033397228	14.921825077
46.5261013	71.152128507	11.568111209
48.3463096	68.308110378	8.267232448
50.2377286	63.157900443	5.547036092
52.2031443	41.009324864	34.659537955
54.2454516	63.320419491	171.808044589
56.3676586	70.263886892	168.457812498
58.5728913	74.526520681	163.719271368
60.8643977	77.714882171	158.255674961
63.2455532	80.304912255	152.136065486
65.719865	82.491769078	145.350593426
68.2909775	84.363286762	137.898245749
70.9626778	85.956656642	129.828164487
73.7389013	87.284728488	121.266694652
76.623737	88.352938168	112.423804410
79.6214341	89.171481445	103.568727354
82.736408	89.761813759	94.978693817
85.9732469	90.156447906	86.883317680
89.3367184	90.393838163	79.430342643
92.8317767	90.512087313	72.682094075
96.4635696	90.544415879	66.633608717
100.237447	90.517217869	61.237562441
104.158967	90.450061573	56.425796402
108.233905	90.356646657	52.123909558
112.468265	90.245979191	48.259421131
116.868283	90.123358258	44.765282946
121.440439	89.990963696	41.580319454
126.191469	89.847838842	38.647409155
131.12837	89.688768470	35.909078085
136.258414	89.500408499	33.297877388
141.589157	89.248109408	30.712024015
147.128451	88.817040982	27.942562269
152.884455	87.507941266	24.702386265
158.865647	91.610429480	66.806415232
165.080837	90.683299696	31.026821703
171.53918	90.094747570	26.508447224
178.250188	89.803499375	24.026667294
185.223746	89.605011033	22.111444461
192.470125	89.443837775	20.450943349
200	89.296910447	18.933637153
207.824461	89.150100112	17.504059974
215.955032	88.990034677	16.125128801
224.403691	88.797552458	14.763327789
233.18288	88.534533749	13.380287228
242.305532	88.097937388	11.943478685
251.785082	87.052982762	10.827045226
261.635495	82.898440893	45.726913584
271.871278	91.258242943	22.748756132
282.507509	90.061020335	14.012197561
293.559854	89.522455350	11.250108576
305.044591	89.144458529	9.531818196
316.978638	88.778390020	8.168121806
329.379573	88.316113908	7.002073843
342.265661	87.548183392	6.201498499
355.655882	85.654164448	8.227291016
369.569959	85.385497905	72.649691936
384.028388	92.996277950	22.037325694
399.052463	91.303743821	9.954721572
414.664315	90.510275855	6.564720979
430.886938	89.961332903	4.864357745
447.744228	89.344250092	4.237774669
465.261013	88.043518167	10.225589918
483.463096	91.855880285	12.866234752
502.377286	90.849746876	2.568063810
522.031443	90.391612993	0.423223472
542.454516	90.130273673	-0.843820629
563.676586	89.934683666	-1.924971319
585.728913	89.735119932	-2.652329788
608.643977	89.586047220	-3.468019062
632.455532	89.366826641	-4.218252014
657.19865	88.970781007	-4.307770991
682.909775	88.625007048	3.552635957
709.626778	90.005317443	-1.854012293
737.389013	89.588562498	-4.937160254
766.23737	89.081527378	-4.389986532
796.214341	89.836978733	3.570148643
827.36408	90.376651246	-6.045531217
859.732469	90.013881796	-8.504883638
893.367184	89.931615201	-8.953157338
928.317767	89.865969691	-11.693957972
964.635696	89.599991234	-12.911580861
1002.37447	89.335814695	-12.944594538
1041.58967	89.337518580	-13.080032325
1082.33905	89.145845695	-13.209805598
1124.68265	89.344962470	-11.070970953
1168.68283	89.644201384	-13.891863471
1214.40439	89.604165852	-15.253629457
1261.91469	89.730938470	-17.666222220
1311.2837	89.496179367	-20.076286912
1362.58414	89.222988415	-21.119194052
1415.89157	89.021402071	-21.541620291
1471.28451	88.973683741	-19.626817999
1528.84455	89.124668851	-22.374619340
1588.65647	89.383312540	-21.686004740
1650.80837	89.194990192	-26.048926306
1715.3918	88.966338243	-27.821591709
1782.50188	88.590693374	-28.147767901
1852.23746	88.609374328	-29.338303712
1924.70125	89.085155659	-28.657599734
2000	88.524460000	-30.618726480
