* generated bounded debug fixture
Freq (hertz)	SPL (dB)	WPhase (deg)
20	79.092574697	-95.471673275
20.7824461	79.498575970	-98.869026168
21.5955032	79.885388063	-102.291525477
22.4403691	80.253449693	-105.729005222
23.318288	80.603476706	-109.171717358
24.2305532	80.936452412	-112.610644016
25.1785082	81.253609161	-116.037784002
26.1635495	81.556402981	-119.446401025
27.1871278	81.846483545	-122.831226180
28.2507509	82.125661871	-126.188612765
29.3559854	82.395878051	-129.516646897
30.5044591	82.659170903	-132.815221935
31.6978638	82.917650935	-136.086088206
32.9379573	83.173477381	-139.332891776
34.2265661	83.428839443	-142.561217331
35.5655882	83.685941248	-145.778650762
36.9569959	83.946989405	-148.994877333
38.4028388	84.214181377	-152.221831448
39.9052463	84.489692138	-155.473914429
41.4664315	84.775655532	-158.768297199
43.0886938	85.074135374	-162.125325131
44.7744228	85.387079255	-165.569041517
46.5261013	85.716244983	-169.127842345
48.3463096	86.063085296	-172.835264419
50.2377286	86.428570383	-176.730884379
52.2031443	86.812919920	179.138744831
54.2454516	87.215207321	174.719292109
56.3676586	87.632791957	169.948331992
58.5728913	88.060538556	164.756165571
60.8643977	88.489815743	159.068878972
63.2455532	88.907362287	152.815275095
65.719865	89.294316530	145.939612709
68.2909775	89.626038989	138.421319744
70.9626778	89.873693893	130.299698532
73.7389013	90.008473642	121.695505914
76.623737	90.008264723	112.815198567
79.6214341	89.864536451	103.925583232
82.736408	89.585915027	95.302041484
85.9732469	89.196283723	87.172627713
89.3367184	88.728664687	79.683627659
92.8317767	88.218353705	72.895865566
96.4635696	87.698115613	66.802697164
100.237447	87.196209519	61.354779909
104.158967	86.736602612	56.481387120
108.233905	86.340440917	52.104682201
112.468265	86.028177670	48.147363132
116.868283	85.822240140	44.535270975
121.440439	85.750618334	41.196134960
126.191469	85.852469155	38.054297561
131.12837	86.188351979	35.018474930
136.258414	86.861941154	31.951676936
141.589157	88.074437446	28.581210827
147.128451	90.296461323	24.130776120
152.884455	95.078078664	14.606392540
158.865647	104.419755114	-88.383161362
165.080837	89.473786264	-142.603579408
171.53918	81.468066300	-149.755813894
178.250188	74.454972187	-153.352534002
185.223746	65.096037459	-155.945870079
192.470125	53.988307630	21.876905301
200	67.279682053	19.891244168
207.824461	72.048103954	17.971683564
215.955032	75.366123421	16.012691863
224.403691	78.347093724	13.878972245
233.18288	81.506619177	11.322908641
242.305532	85.344750003	7.722933825
251.785082	90.825922770	0.715638210
261.635495	101.224844593	-32.159523122
271.871278	97.535444016	-143.535678149
282.507509	91.424581745	-159.074111521
293.559854	88.695847156	-164.486711732
305.044591	87.488689726	-167.995429233
316.978638	87.328443862	-171.074201365
329.379573	88.146894924	-174.424513453
342.265661	90.160348979	-178.981309088
355.655882	94.119114189	172.311848843
369.569959	102.278276917	136.784137236
384.028388	98.967345955	37.653489911
399.052463	92.750412939	17.888635690
414.664315	90.018001476	10.273660108
430.886938	89.355043300	4.305707903
447.744228	90.814297891	-3.523687211
465.261013	96.081117410	-24.738501450
483.463096	96.975326336	-131.577220054
502.377286	87.417498366	-163.564133957
522.031443	82.138756951	-174.029934124
542.454516	78.377819021	176.213440580
563.676586	72.240826793	155.218517328
585.728913	80.000549253	-122.213406430
608.643977	80.751556654	-163.819875490
632.455532	82.544470723	-178.188669654
657.19865	86.911358308	165.539937537
682.909775	94.879792271	114.475652749
709.626778	91.778659922	30.114443299
737.389013	89.010071346	4.409417310
766.23737	90.952906358	-19.282264936
796.214341	95.752092924	-88.753546593
827.36408	89.813865213	-159.264738867
859.732469	86.990477268	169.848372875
893.367184	87.885023778	113.418906170
928.317767	77.545992934	28.608117217
964.635696	68.941370077	167.755803771
1002.37447	84.472959140	106.174683446
1041.58967	86.695407471	25.088178530
1082.33905	88.339045131	-25.803342560
1124.68265	91.608430774	-101.108111389
1168.68283	89.633534618	-179.108341821
1214.40439	89.076577042	114.279427498
1261.91469	85.911188517	21.517021144
1311.2837	75.014004123	-52.800472105
1362.58414	78.219124127	36.116967404
1415.89157	84.159776056	-49.395471588
1471.28451	90.384122182	-139.762927582
1528.84455	87.926377745	125.371354566
1588.65647	90.654182404	16.971146491
1650.80837	82.351526119	-69.929313061
1715.3918	43.053214471	153.008512109
1782.50188	85.369345101	-101.388483543
1852.23746	85.401914750	125.290665575
1924.70125	90.219775380	-20.758609269
2000	89.418655618	-96.510752912
